2019-05-25 10:55:28,216:WARNING: Setting up a new session...
2019-05-25 10:55:28,221:INFO: Socket refused connection, running socketless
2019-05-25 10:55:28,221:ERROR: [Errno 111] Connection refused
2019-05-25 10:55:28,321:WARNING: Setting up a new session...
2019-05-25 10:55:28,326:INFO: Socket refused connection, running socketless
2019-05-25 10:55:28,326:ERROR: [Errno 111] Connection refused
2019-05-25 10:55:28,426:WARNING: Setting up a new session...
2019-05-25 10:55:28,431:INFO: Socket refused connection, running socketless
2019-05-25 10:55:28,432:ERROR: [Errno 111] Connection refused
2019-05-25 10:55:28,531:WARNING: Setting up a new session...
2019-05-25 10:55:28,537:INFO: Socket refused connection, running socketless
2019-05-25 10:55:28,537:ERROR: [Errno 111] Connection refused
2019-05-25 10:55:28,637:WARNING: Setting up a new session...
2019-05-25 10:55:28,643:INFO: Socket refused connection, running socketless
2019-05-25 10:55:28,643:ERROR: [Errno 111] Connection refused
2019-05-25 10:55:28,743:INFO: dataset_dir: ./data0/
2019-05-25 10:55:28,743:INFO: dataset_name: NTU-RGB-D-CV
2019-05-25 10:55:28,743:INFO: model_dir: ./
2019-05-25 10:55:28,743:INFO: model_name: HCN
2019-05-25 10:55:28,743:INFO: load_model: None
2019-05-25 10:55:28,744:INFO: load: False
2019-05-25 10:55:28,744:INFO: mode: train
2019-05-25 10:55:28,744:INFO: num: 01
2019-05-25 10:55:28,744:INFO: model_version: HCN
2019-05-25 10:55:28,744:INFO: experiment_path: ./experiments/NTU-RGB-D-CV/HCN01
2019-05-25 10:55:28,744:INFO: restore_file: None
2019-05-25 10:55:28,744:INFO: gpu_id: 0
2019-05-25 10:55:28,745:INFO: cuda: True
2019-05-25 10:55:28,745:INFO: data_parallel: False
2019-05-25 10:55:28,745:INFO: seed: 0
2019-05-25 10:55:28,745:INFO: lr: 0.001
2019-05-25 10:55:28,745:INFO: lr_decay_type: exp
2019-05-25 10:55:28,745:INFO: lr_step: [100, 160, 200]
2019-05-25 10:55:28,745:INFO: scheduler_gamma: 0.1
2019-05-25 10:55:28,745:INFO: scheduler_gamma2: 0.99
2019-05-25 10:55:28,746:INFO: scheduler_gamma3: 0.5
2019-05-25 10:55:28,746:INFO: patience: 20
2019-05-25 10:55:28,746:INFO: batch_size: 64
2019-05-25 10:55:28,746:INFO: num_epochs: 400
2019-05-25 10:55:28,746:INFO: start_epoch: 0
2019-05-25 10:55:28,746:INFO: save_best_ever_n_epoch: 50
2019-05-25 10:55:28,746:INFO: save_summary_steps: 1
2019-05-25 10:55:28,746:INFO: num_workers: 4
2019-05-25 10:55:28,746:INFO: optimizer: Adam
2019-05-25 10:55:28,747:INFO: weight_decay: 0.0001
2019-05-25 10:55:28,747:INFO: clip: 0.5
2019-05-25 10:55:28,747:INFO: train_feeder_args: {'data_path': None, 'label_path': None, 'random_valid_choose': False, 'random_shift': False, 'random_move': False, 'window_size': 32, 'normalization': False, 'debug': False, 'origin_transfer': 0, 'crop_resize': True, 'p_interval': [0.5, 1]}
2019-05-25 10:55:28,747:INFO: test_feeder_args: {'data_path': None, 'label_path': None, 'random_valid_choose': False, 'random_shift': False, 'random_move': False, 'window_size': 32, 'normalization': False, 'debug': False, 'origin_transfer': 0, 'crop_resize': True, 'p_interval': [0.95]}
2019-05-25 10:55:28,747:INFO: model_args: {'in_channel': 3, 'out_channel': 64, 'window_size': 32, 'num_joint': 25, 'num_person': 2, 'num_class': 60}
2019-05-25 10:55:28,747:INFO: loss_args: {'type': 'CE'}
2019-05-25 10:55:28,747:INFO: dataset_dir: ./data0/
2019-05-25 10:55:28,747:INFO: dataset_name: NTU-RGB-D-CV
2019-05-25 10:55:28,748:INFO: mode: train
2019-05-25 10:55:30,648:INFO: HCN(
  (conv1): Sequential(
    (0): Conv2d(3, 64, kernel_size=(1, 1), stride=(1, 1))
    (1): ReLU()
  )
  (conv2): Conv2d(64, 32, kernel_size=(3, 1), stride=(1, 1), padding=(1, 0))
  (conv3): Sequential(
    (0): Conv2d(25, 32, kernel_size=(3, 3), stride=(1, 1), padding=(1, 1))
    (1): MaxPool2d(kernel_size=2, stride=2, padding=0, dilation=1, ceil_mode=False)
  )
  (conv4): Sequential(
    (0): Conv2d(32, 64, kernel_size=(3, 3), stride=(1, 1), padding=(1, 1))
    (1): Dropout2d(p=0.5)
    (2): MaxPool2d(kernel_size=2, stride=2, padding=0, dilation=1, ceil_mode=False)
  )
  (conv1m): Sequential(
    (0): Conv2d(3, 64, kernel_size=(1, 1), stride=(1, 1))
    (1): ReLU()
  )
  (conv2m): Conv2d(64, 32, kernel_size=(3, 1), stride=(1, 1), padding=(1, 0))
  (conv3m): Sequential(
    (0): Conv2d(25, 32, kernel_size=(3, 3), stride=(1, 1), padding=(1, 1))
    (1): MaxPool2d(kernel_size=2, stride=2, padding=0, dilation=1, ceil_mode=False)
  )
  (conv4m): Sequential(
    (0): Conv2d(32, 64, kernel_size=(3, 3), stride=(1, 1), padding=(1, 1))
    (1): Dropout2d(p=0.5)
    (2): MaxPool2d(kernel_size=2, stride=2, padding=0, dilation=1, ceil_mode=False)
  )
  (conv5): Sequential(
    (0): Conv2d(128, 128, kernel_size=(3, 3), stride=(1, 1), padding=(1, 1))
    (1): ReLU()
    (2): Dropout2d(p=0.5)
    (3): MaxPool2d(kernel_size=2, stride=2, padding=0, dilation=1, ceil_mode=False)
  )
  (conv6): Sequential(
    (0): Conv2d(128, 256, kernel_size=(3, 3), stride=(1, 1), padding=(1, 1))
    (1): ReLU()
    (2): Dropout2d(p=0.5)
    (3): MaxPool2d(kernel_size=2, stride=2, padding=0, dilation=1, ceil_mode=False)
  )
  (fc7): Sequential(
    (0): Linear(in_features=1024, out_features=512, bias=True)
    (1): ReLU()
    (2): Dropout2d(p=0.5)
  )
  (fc8): Linear(in_features=512, out_features=60, bias=True)
)
2019-05-25 10:55:30,649:INFO: Loading the datasets...
2019-05-25 10:55:42,939:INFO: - done.
2019-05-25 10:55:42,939:INFO: Starting training for 400 epoch(s)
2019-05-25 10:55:42,940:INFO: lr decay:exp
2019-05-25 10:55:42,940:INFO: Epoch 1/400
2019-05-25 10:55:54,845:INFO: - Train metrics: accuracytop1: 0.092 ; accuracytop5: 0.310 ; loss: 3.511 ; ls_all: 3.511 ; ls_CE: 3.511
2019-05-25 10:55:57,100:INFO: - Eval metrics : accuracytop1: 0.330 ; accuracytop5: 0.703 ; loss: 2.325 ; ls_all: 2.325 ; ls_CE: 2.325
